Created by PLY version 3.11 (http://www.dabeaz.com/ply)

Grammar

Rule 0     S' -> inicio
Rule 1     inicio -> expressao
Rule 2     expressao -> NUM
Rule 3     expressao -> expressao SOMA expressao
Rule 4     expressao -> expressao SUB expressao
Rule 5     expressao -> expressao MUL expressao
Rule 6     expressao -> expressao DIV expressao
Rule 7     expressao -> PA expressao PF

Terminals, with rules where they appear

DIV                  : 6
MUL                  : 5
NUM                  : 2
PA                   : 7
PF                   : 7
SOMA                 : 3
SUB                  : 4
error                : 

Nonterminals, with rules where they appear

expressao            : 1 3 3 4 4 5 5 6 6 7
inicio               : 0

Parsing method: LALR

state 0

    (0) S' -> . inicio
    (1) inicio -> . expressao
    (2) expressao -> . NUM
    (3) expressao -> . expressao SOMA expressao
    (4) expressao -> . expressao SUB expressao
    (5) expressao -> . expressao MUL expressao
    (6) expressao -> . expressao DIV expressao
    (7) expressao -> . PA expressao PF

    NUM             shift and go to state 3
    PA              shift and go to state 4

    inicio                         shift and go to state 1
    expressao                      shift and go to state 2

state 1

    (0) S' -> inicio .



state 2

    (1) inicio -> expressao .
    (3) expressao -> expressao . SOMA expressao
    (4) expressao -> expressao . SUB expressao
    (5) expressao -> expressao . MUL expressao
    (6) expressao -> expressao . DIV expressao

    $end            reduce using rule 1 (inicio -> expressao .)
    SOMA            shift and go to state 5
    SUB             shift and go to state 6
    MUL             shift and go to state 7
    DIV             shift and go to state 8


state 3

    (2) expressao -> NUM .

    SOMA            reduce using rule 2 (expressao -> NUM .)
    SUB             reduce using rule 2 (expressao -> NUM .)
    MUL             reduce using rule 2 (expressao -> NUM .)
    DIV             reduce using rule 2 (expressao -> NUM .)
    $end            reduce using rule 2 (expressao -> NUM .)
    PF              reduce using rule 2 (expressao -> NUM .)


state 4

    (7) expressao -> PA . expressao PF
    (2) expressao -> . NUM
    (3) expressao -> . expressao SOMA expressao
    (4) expressao -> . expressao SUB expressao
    (5) expressao -> . expressao MUL expressao
    (6) expressao -> . expressao DIV expressao
    (7) expressao -> . PA expressao PF

    NUM             shift and go to state 3
    PA              shift and go to state 4

    expressao                      shift and go to state 9

state 5

    (3) expressao -> expressao SOMA . expressao
    (2) expressao -> . NUM
    (3) expressao -> . expressao SOMA expressao
    (4) expressao -> . expressao SUB expressao
    (5) expressao -> . expressao MUL expressao
    (6) expressao -> . expressao DIV expressao
    (7) expressao -> . PA expressao PF

    NUM             shift and go to state 3
    PA              shift and go to state 4

    expressao                      shift and go to state 10

state 6

    (4) expressao -> expressao SUB . expressao
    (2) expressao -> . NUM
    (3) expressao -> . expressao SOMA expressao
    (4) expressao -> . expressao SUB expressao
    (5) expressao -> . expressao MUL expressao
    (6) expressao -> . expressao DIV expressao
    (7) expressao -> . PA expressao PF

    NUM             shift and go to state 3
    PA              shift and go to state 4

    expressao                      shift and go to state 11

state 7

    (5) expressao -> expressao MUL . expressao
    (2) expressao -> . NUM
    (3) expressao -> . expressao SOMA expressao
    (4) expressao -> . expressao SUB expressao
    (5) expressao -> . expressao MUL expressao
    (6) expressao -> . expressao DIV expressao
    (7) expressao -> . PA expressao PF

    NUM             shift and go to state 3
    PA              shift and go to state 4

    expressao                      shift and go to state 12

state 8

    (6) expressao -> expressao DIV . expressao
    (2) expressao -> . NUM
    (3) expressao -> . expressao SOMA expressao
    (4) expressao -> . expressao SUB expressao
    (5) expressao -> . expressao MUL expressao
    (6) expressao -> . expressao DIV expressao
    (7) expressao -> . PA expressao PF

    NUM             shift and go to state 3
    PA              shift and go to state 4

    expressao                      shift and go to state 13

state 9

    (7) expressao -> PA expressao . PF
    (3) expressao -> expressao . SOMA expressao
    (4) expressao -> expressao . SUB expressao
    (5) expressao -> expressao . MUL expressao
    (6) expressao -> expressao . DIV expressao

    PF              shift and go to state 14
    SOMA            shift and go to state 5
    SUB             shift and go to state 6
    MUL             shift and go to state 7
    DIV             shift and go to state 8


state 10

    (3) expressao -> expressao SOMA expressao .
    (3) expressao -> expressao . SOMA expressao
    (4) expressao -> expressao . SUB expressao
    (5) expressao -> expressao . MUL expressao
    (6) expressao -> expressao . DIV expressao

    SOMA            reduce using rule 3 (expressao -> expressao SOMA expressao .)
    SUB             reduce using rule 3 (expressao -> expressao SOMA expressao .)
    DIV             reduce using rule 3 (expressao -> expressao SOMA expressao .)
    $end            reduce using rule 3 (expressao -> expressao SOMA expressao .)
    PF              reduce using rule 3 (expressao -> expressao SOMA expressao .)
    MUL             shift and go to state 7

  ! MUL             [ reduce using rule 3 (expressao -> expressao SOMA expressao .) ]
  ! SOMA            [ shift and go to state 5 ]
  ! SUB             [ shift and go to state 6 ]
  ! DIV             [ shift and go to state 8 ]


state 11

    (4) expressao -> expressao SUB expressao .
    (3) expressao -> expressao . SOMA expressao
    (4) expressao -> expressao . SUB expressao
    (5) expressao -> expressao . MUL expressao
    (6) expressao -> expressao . DIV expressao

    SOMA            reduce using rule 4 (expressao -> expressao SUB expressao .)
    SUB             reduce using rule 4 (expressao -> expressao SUB expressao .)
    DIV             reduce using rule 4 (expressao -> expressao SUB expressao .)
    $end            reduce using rule 4 (expressao -> expressao SUB expressao .)
    PF              reduce using rule 4 (expressao -> expressao SUB expressao .)
    MUL             shift and go to state 7

  ! MUL             [ reduce using rule 4 (expressao -> expressao SUB expressao .) ]
  ! SOMA            [ shift and go to state 5 ]
  ! SUB             [ shift and go to state 6 ]
  ! DIV             [ shift and go to state 8 ]


state 12

    (5) expressao -> expressao MUL expressao .
    (3) expressao -> expressao . SOMA expressao
    (4) expressao -> expressao . SUB expressao
    (5) expressao -> expressao . MUL expressao
    (6) expressao -> expressao . DIV expressao

    SOMA            reduce using rule 5 (expressao -> expressao MUL expressao .)
    SUB             reduce using rule 5 (expressao -> expressao MUL expressao .)
    MUL             reduce using rule 5 (expressao -> expressao MUL expressao .)
    DIV             reduce using rule 5 (expressao -> expressao MUL expressao .)
    $end            reduce using rule 5 (expressao -> expressao MUL expressao .)
    PF              reduce using rule 5 (expressao -> expressao MUL expressao .)

  ! SOMA            [ shift and go to state 5 ]
  ! SUB             [ shift and go to state 6 ]
  ! MUL             [ shift and go to state 7 ]
  ! DIV             [ shift and go to state 8 ]


state 13

    (6) expressao -> expressao DIV expressao .
    (3) expressao -> expressao . SOMA expressao
    (4) expressao -> expressao . SUB expressao
    (5) expressao -> expressao . MUL expressao
    (6) expressao -> expressao . DIV expressao

  ! shift/reduce conflict for SOMA resolved as shift
  ! shift/reduce conflict for SUB resolved as shift
  ! shift/reduce conflict for MUL resolved as shift
  ! shift/reduce conflict for DIV resolved as shift
    $end            reduce using rule 6 (expressao -> expressao DIV expressao .)
    PF              reduce using rule 6 (expressao -> expressao DIV expressao .)
    SOMA            shift and go to state 5
    SUB             shift and go to state 6
    MUL             shift and go to state 7
    DIV             shift and go to state 8

  ! SOMA            [ reduce using rule 6 (expressao -> expressao DIV expressao .) ]
  ! SUB             [ reduce using rule 6 (expressao -> expressao DIV expressao .) ]
  ! MUL             [ reduce using rule 6 (expressao -> expressao DIV expressao .) ]
  ! DIV             [ reduce using rule 6 (expressao -> expressao DIV expressao .) ]


state 14

    (7) expressao -> PA expressao PF .

    SOMA            reduce using rule 7 (expressao -> PA expressao PF .)
    SUB             reduce using rule 7 (expressao -> PA expressao PF .)
    MUL             reduce using rule 7 (expressao -> PA expressao PF .)
    DIV             reduce using rule 7 (expressao -> PA expressao PF .)
    $end            reduce using rule 7 (expressao -> PA expressao PF .)
    PF              reduce using rule 7 (expressao -> PA expressao PF .)

WARNING: 
WARNING: Conflicts:
WARNING: 
WARNING: shift/reduce conflict for SOMA in state 13 resolved as shift
WARNING: shift/reduce conflict for SUB in state 13 resolved as shift
WARNING: shift/reduce conflict for MUL in state 13 resolved as shift
WARNING: shift/reduce conflict for DIV in state 13 resolved as shift
